<?xml version="1.0" encoding="UTF-8"?>
<!-- Generated by org.testng.reporters.JUnitXMLReporter -->
<testsuite ignored="0" hostname="LAPTOP-0TGO49O7" failures="0" tests="18" name="Test1" time="0.304" errors="0" timestamp="2024-02-23T20:54:12 IST">
  <testcase classname="execution.POM_File" name="@BeforeTest Launch" time="0.115">
    <failure type="org.openqa.selenium.remote.NoSuchDriverException" message="chromedriver at location C:\Java_Eclipse\chromedriver-win64\chromedriver.exe, does not exist
For documentation on this error, please visit: https://www.selenium.dev/documentation/webdriver/troubleshooting/errors/driver_location/
Build info: version: &amp;apos;4.18.1&amp;apos;, revision: &amp;apos;b1d3319b48&amp;apos;
System info: os.name: &amp;apos;Windows 11&amp;apos;, os.arch: &amp;apos;amd64&amp;apos;, os.version: &amp;apos;10.0&amp;apos;, java.version: &amp;apos;17.0.9&amp;apos;
Driver info: driver.version: ChromeDriver">
      <![CDATA[org.openqa.selenium.remote.NoSuchDriverException: chromedriver at location C:\Java_Eclipse\chromedriver-win64\chromedriver.exe, does not exist
For documentation on this error, please visit: https://www.selenium.dev/documentation/webdriver/troubleshooting/errors/driver_location/
Build info: version: '4.18.1', revision: 'b1d3319b48'
System info: os.name: 'Windows 11', os.arch: 'amd64', os.version: '10.0', java.version: '17.0.9'
Driver info: driver.version: ChromeDriver
at org.openqa.selenium.remote.service.DriverFinder.getPath(DriverFinder.java:76)
at org.openqa.selenium.remote.service.DriverFinder.getPath(DriverFinder.java:33)
at org.openqa.selenium.chrome.ChromeDriver.generateExecutor(ChromeDriver.java:99)
at org.openqa.selenium.chrome.ChromeDriver.<init>(ChromeDriver.java:89)
at org.openqa.selenium.chrome.ChromeDriver.<init>(ChromeDriver.java:84)
at org.openqa.selenium.chrome.ChromeDriver.<init>(ChromeDriver.java:52)
at execution.POM_File.Launch(POM_File.java:39)
... Removed 24 stack frames]]>
    </failure>
  </testcase> <!-- @BeforeTest Launch -->
  <testcase classname="execution.POM_File" name="a_Login_test1" time="0.0">
    <skipped/>
  </testcase> <!-- a_Login_test1 -->
  <testcase classname="execution.POM_File" name="b_About" time="0.0">
    <skipped/>
  </testcase> <!-- b_About -->
  <testcase classname="execution.POM_File" name="c_Demo" time="0.0">
    <skipped/>
  </testcase> <!-- c_Demo -->
  <testcase classname="execution.POM_File" name="d_Sorting" time="0.0">
    <skipped/>
  </testcase> <!-- d_Sorting -->
  <testcase classname="execution.POM_File" name="e_LowtoHigh" time="0.0">
    <skipped/>
  </testcase> <!-- e_LowtoHigh -->
  <testcase classname="execution.POM_File" name="f_AddItem_L2H" time="0.0">
    <skipped/>
  </testcase> <!-- f_AddItem_L2H -->
  <testcase classname="execution.POM_File" name="g_CheckOut_fstOrder" time="0.0">
    <skipped/>
  </testcase> <!-- g_CheckOut_fstOrder -->
  <testcase classname="execution.POM_File" name="h_Price_H2L" time="0.0">
    <skipped/>
  </testcase> <!-- h_Price_H2L -->
  <testcase classname="execution.POM_File" name="i_Checkout_Order" time="0.0">
    <skipped/>
  </testcase> <!-- i_Checkout_Order -->
  <testcase classname="execution.POM_File" name="j_CheckOut_order" time="0.0">
    <skipped/>
  </testcase> <!-- j_CheckOut_order -->
  <testcase classname="execution.POM_File" name="k_Reset_AppStatus" time="0.0">
    <skipped/>
  </testcase> <!-- k_Reset_AppStatus -->
  <testcase classname="execution.POM_File" name="l_AddButton" time="0.0">
    <skipped/>
  </testcase> <!-- l_AddButton -->
  <testcase classname="execution.POM_File" name="m_case13" time="0.0">
    <skipped/>
  </testcase> <!-- m_case13 -->
  <testcase classname="execution.POM_File" name="n_case14" time="0.0">
    <skipped/>
  </testcase> <!-- n_case14 -->
  <testcase classname="execution.POM_File" name="o_case15" time="0.0">
    <skipped/>
  </testcase> <!-- o_case15 -->
  <testcase classname="execution.POM_File" name="p_case16_logout" time="0.0">
    <skipped/>
  </testcase> <!-- p_case16_logout -->
  <testcase classname="execution.POM_File" name="p_case17_Data_Provide" time="0.0">
    <skipped/>
  </testcase> <!-- p_case17_Data_Provide -->
  <testcase classname="execution.POM_File" name="p_case17_Data_Provide" time="0.0">
    <skipped/>
  </testcase> <!-- p_case17_Data_Provide -->
</testsuite> <!-- Test1 -->
