<?xml version="1.0" encoding="UTF-8"?>
<!-- Generated by org.testng.reporters.JUnitReportReporter -->
<testsuite hostname="LAPTOP-0TGO49O7" failures="0" tests="19" name="execution.POM_File" time="0.115" errors="1" timestamp="2024-02-23T20:54:12 IST" skipped="18">
  <testcase classname="execution.POM_File" name="i_Checkout_Order" time="0.000">
    <skipped/>
  </testcase> <!-- i_Checkout_Order -->
  <system-out/>
  <testcase classname="execution.POM_File" name="c_Demo" time="0.000">
    <skipped/>
  </testcase> <!-- c_Demo -->
  <system-out/>
  <testcase classname="execution.POM_File" name="a_Login_test1" time="0.000">
    <skipped/>
  </testcase> <!-- a_Login_test1 -->
  <system-out/>
  <testcase classname="execution.POM_File" name="e_LowtoHigh" time="0.000">
    <skipped/>
  </testcase> <!-- e_LowtoHigh -->
  <system-out/>
  <testcase classname="execution.POM_File" name="p_case17_Data_Provide" time="0.000">
    <skipped/>
  </testcase> <!-- p_case17_Data_Provide -->
  <system-out/>
  <testcase classname="execution.POM_File" name="l_AddButton" time="0.000">
    <skipped/>
  </testcase> <!-- l_AddButton -->
  <system-out/>
  <testcase classname="execution.POM_File" name="p_case17_Data_Provide" time="0.000">
    <skipped/>
  </testcase> <!-- p_case17_Data_Provide -->
  <system-out/>
  <testcase classname="execution.POM_File" name="g_CheckOut_fstOrder" time="0.000">
    <skipped/>
  </testcase> <!-- g_CheckOut_fstOrder -->
  <system-out/>
  <testcase classname="execution.POM_File" name="n_case14" time="0.000">
    <skipped/>
  </testcase> <!-- n_case14 -->
  <system-out/>
  <testcase classname="execution.POM_File" name="o_case15" time="0.000">
    <skipped/>
  </testcase> <!-- o_case15 -->
  <system-out/>
  <testcase classname="execution.POM_File" name="p_case16_logout" time="0.000">
    <skipped/>
  </testcase> <!-- p_case16_logout -->
  <system-out/>
  <testcase classname="execution.POM_File" name="h_Price_H2L" time="0.000">
    <skipped/>
  </testcase> <!-- h_Price_H2L -->
  <system-out/>
  <testcase classname="execution.POM_File" name="b_About" time="0.000">
    <skipped/>
  </testcase> <!-- b_About -->
  <system-out/>
  <testcase classname="execution.POM_File" name="j_CheckOut_order" time="0.000">
    <skipped/>
  </testcase> <!-- j_CheckOut_order -->
  <system-out/>
  <testcase classname="execution.POM_File" name="d_Sorting" time="0.000">
    <skipped/>
  </testcase> <!-- d_Sorting -->
  <system-out/>
  <testcase classname="execution.POM_File" name="f_AddItem_L2H" time="0.000">
    <skipped/>
  </testcase> <!-- f_AddItem_L2H -->
  <system-out/>
  <testcase classname="execution.POM_File" name="Launch" time="0.115">
    <error message="chromedriver at location C:\Java_Eclipse\chromedriver-win64\chromedriver.exe, does not exist
For documentation on this error, please visit: https://www.selenium.dev/documentation/webdriver/troubleshooting/errors/driver_location/
Build info: version: &#039;4.18.1&#039;, revision: &#039;b1d3319b48&#039;
System info: os.name: &#039;Windows 11&#039;, os.arch: &#039;amd64&#039;, os.version: &#039;10.0&#039;, java.version: &#039;17.0.9&#039;
Driver info: driver.version: ChromeDriver" type="org.openqa.selenium.remote.NoSuchDriverException">
      <![CDATA[org.openqa.selenium.remote.NoSuchDriverException: chromedriver at location C:\Java_Eclipse\chromedriver-win64\chromedriver.exe, does not exist
For documentation on this error, please visit: https://www.selenium.dev/documentation/webdriver/troubleshooting/errors/driver_location/
Build info: version: '4.18.1', revision: 'b1d3319b48'
System info: os.name: 'Windows 11', os.arch: 'amd64', os.version: '10.0', java.version: '17.0.9'
Driver info: driver.version: ChromeDriver
at org.openqa.selenium.remote.service.DriverFinder.getPath(DriverFinder.java:76)
at org.openqa.selenium.remote.service.DriverFinder.getPath(DriverFinder.java:33)
at org.openqa.selenium.chrome.ChromeDriver.generateExecutor(ChromeDriver.java:99)
at org.openqa.selenium.chrome.ChromeDriver.<init>(ChromeDriver.java:89)
at org.openqa.selenium.chrome.ChromeDriver.<init>(ChromeDriver.java:84)
at org.openqa.selenium.chrome.ChromeDriver.<init>(ChromeDriver.java:52)
at execution.POM_File.Launch(POM_File.java:39)
at java.base/jdk.internal.reflect.NativeMethodAccessorImpl.invoke0(Native Method)
at java.base/jdk.internal.reflect.NativeMethodAccessorImpl.invoke(NativeMethodAccessorImpl.java:77)
at java.base/jdk.internal.reflect.DelegatingMethodAccessorImpl.invoke(DelegatingMethodAccessorImpl.java:43)
at java.base/java.lang.reflect.Method.invoke(Method.java:568)
at org.testng.internal.MethodInvocationHelper.invokeMethod(MethodInvocationHelper.java:133)
at org.testng.internal.MethodInvocationHelper.invokeMethodConsideringTimeout(MethodInvocationHelper.java:62)
at org.testng.internal.ConfigInvoker.invokeConfigurationMethod(ConfigInvoker.java:385)
at org.testng.internal.ConfigInvoker.invokeConfigurations(ConfigInvoker.java:321)
at org.testng.TestRunner.invokeTestConfigurations(TestRunner.java:637)
at org.testng.TestRunner.beforeRun(TestRunner.java:627)
at org.testng.TestRunner.run(TestRunner.java:589)
at org.testng.SuiteRunner.runTest(SuiteRunner.java:377)
at org.testng.SuiteRunner.runSequentially(SuiteRunner.java:371)
at org.testng.SuiteRunner.privateRun(SuiteRunner.java:332)
at org.testng.SuiteRunner.run(SuiteRunner.java:276)
at org.testng.SuiteRunnerWorker.runSuite(SuiteRunnerWorker.java:53)
at org.testng.SuiteRunnerWorker.run(SuiteRunnerWorker.java:96)
at org.testng.TestNG.runSuitesSequentially(TestNG.java:1212)
at org.testng.TestNG.runSuitesLocally(TestNG.java:1134)
at org.testng.TestNG.runSuites(TestNG.java:1063)
at org.testng.TestNG.run(TestNG.java:1031)
at org.testng.remote.AbstractRemoteTestNG.run(AbstractRemoteTestNG.java:115)
at org.testng.remote.RemoteTestNG.initAndRun(RemoteTestNG.java:251)
at org.testng.remote.RemoteTestNG.main(RemoteTestNG.java:77)
]]>
    </error>
  </testcase> <!-- Launch -->
  <system-out/>
  <testcase classname="execution.POM_File" name="k_Reset_AppStatus" time="0.000">
    <skipped/>
  </testcase> <!-- k_Reset_AppStatus -->
  <system-out/>
  <testcase classname="execution.POM_File" name="m_case13" time="0.000">
    <skipped/>
  </testcase> <!-- m_case13 -->
  <system-out/>
</testsuite> <!-- execution.POM_File -->
